{
  "RSpec": {
    "coverage": {
      "C:/Users/KAZUMA/ilias_bot/spec/controllers/concerns/greeting_methods_spec.rb": {
        "lines": [
          1,
          null,
          1,
          null
        ]
      },
      "C:/Users/KAZUMA/ilias_bot/spec/rails_helper.rb": {
        "lines": [
          null,
          1,
          1,
          1,
          null,
          1,
          1,
          null,
          null,
          null,
          null,
          null,
          null,
          null,
          null,
          null,
          null,
          null,
          null,
          null,
          null,
          null,
          null,
          null,
          null,
          null,
          null,
          1,
          null,
          0,
          0,
          null,
          1,
          null,
          1,
          null,
          null,
          null,
          null,
          1,
          null,
          null,
          null,
          null,
          null,
          null,
          null,
          null,
          null,
          null,
          null,
          null,
          null,
          null,
          null,
          null,
          null,
          1,
          null,
          null,
          1,
          null,
          null,
          null
        ]
      },
      "C:/Users/KAZUMA/ilias_bot/config/environment.rb": {
        "lines": [
          null,
          1,
          null,
          null,
          1
        ]
      },
      "C:/Users/KAZUMA/ilias_bot/config/application.rb": {
        "lines": [
          1,
          null,
          1,
          null,
          null,
          null,
          1,
          null,
          1,
          1,
          null,
          1,
          null,
          null,
          null,
          null,
          null,
          null,
          null
        ]
      },
      "C:/Users/KAZUMA/ilias_bot/config/boot.rb": {
        "lines": [
          1,
          null,
          1,
          1
        ]
      },
      "C:/Users/KAZUMA/ilias_bot/config/initializers/config.rb": {
        "lines": [
          1,
          null,
          0,
          null,
          null,
          null,
          null,
          null,
          null,
          null,
          null,
          null,
          null,
          null,
          null,
          null,
          null,
          null,
          null,
          null,
          null,
          null,
          null,
          null,
          null,
          null,
          null,
          null,
          0,
          null,
          null,
          null,
          null,
          null,
          null,
          null,
          null,
          null,
          null,
          null,
          null,
          null,
          null,
          null,
          null,
          null,
          null,
          null,
          null,
          null,
          null,
          null,
          null,
          null,
          null
        ]
      },
      "C:/Users/KAZUMA/ilias_bot/config/environments/test.rb": {
        "lines": [
          1,
          null,
          null,
          null,
          null,
          null,
          null,
          1,
          null,
          null,
          null,
          null,
          1,
          null,
          null,
          1,
          1,
          null,
          null,
          null,
          null,
          1,
          1,
          null,
          null,
          1,
          null,
          null,
          1,
          null,
          null,
          1,
          null,
          1,
          null,
          null,
          null,
          null,
          1,
          null,
          null,
          1,
          null,
          null,
          null,
          null
        ]
      },
      "C:/Users/KAZUMA/ilias_bot/config/initializers/application_controller_renderer.rb": {
        "lines": [
          null,
          null,
          null,
          null,
          null,
          null,
          null,
          null
        ]
      },
      "C:/Users/KAZUMA/ilias_bot/config/initializers/assets.rb": {
        "lines": [
          null,
          null,
          null,
          1,
          null,
          null,
          null,
          null,
          1,
          null,
          null,
          null,
          null,
          null
        ]
      },
      "C:/Users/KAZUMA/ilias_bot/config/initializers/backtrace_silencers.rb": {
        "lines": [
          null,
          null,
          null,
          null,
          null,
          null,
          null
        ]
      },
      "C:/Users/KAZUMA/ilias_bot/config/initializers/content_security_policy.rb": {
        "lines": [
          null,
          null,
          null,
          null,
          null,
          null,
          null,
          null,
          null,
          null,
          null,
          null,
          null,
          null,
          null,
          null,
          null,
          null,
          null,
          null,
          null,
          null,
          null,
          null,
          null
        ]
      },
      "C:/Users/KAZUMA/ilias_bot/config/initializers/cookies_serializer.rb": {
        "lines": [
          null,
          null,
          null,
          null,
          1
        ]
      },
      "C:/Users/KAZUMA/ilias_bot/config/initializers/filter_parameter_logging.rb": {
        "lines": [
          null,
          null,
          null,
          1
        ]
      },
      "C:/Users/KAZUMA/ilias_bot/config/initializers/inflections.rb": {
        "lines": [
          null,
          null,
          null,
          null,
          null,
          null,
          null,
          null,
          null,
          null,
          null,
          null,
          null,
          null,
          null,
          null
        ]
      },
      "C:/Users/KAZUMA/ilias_bot/config/initializers/mime_types.rb": {
        "lines": [
          null,
          null,
          null,
          null
        ]
      },
      "C:/Users/KAZUMA/ilias_bot/config/initializers/wrap_parameters.rb": {
        "lines": [
          null,
          null,
          null,
          null,
          null,
          null,
          1,
          2,
          null,
          null,
          null,
          null,
          null,
          null
        ]
      },
      "C:/Users/KAZUMA/ilias_bot/config/routes.rb": {
        "lines": [
          1,
          1,
          1,
          1,
          null
        ]
      },
      "C:/Users/KAZUMA/ilias_bot/app/helpers/application_helper.rb": {
        "lines": [
          1,
          null
        ]
      },
      "C:/Users/KAZUMA/ilias_bot/app/helpers/manual_helper.rb": {
        "lines": [
          1,
          null
        ]
      },
      "C:/Users/KAZUMA/ilias_bot/app/controllers/concerns/greeting_methods.rb": {
        "lines": [
          1,
          1,
          null,
          1,
          19,
          null,
          null,
          1,
          2,
          null,
          null,
          null
        ]
      },
      "C:/Users/KAZUMA/ilias_bot/spec/controllers/concerns/manual_methods_spec.rb": {
        "lines": [
          1,
          null,
          1,
          null
        ]
      },
      "C:/Users/KAZUMA/ilias_bot/app/controllers/concerns/manual_methods.rb": {
        "lines": [
          1,
          1,
          null,
          1,
          8,
          null,
          null,
          1,
          1,
          null,
          null,
          null,
          null
        ]
      },
      "C:/Users/KAZUMA/ilias_bot/spec/controllers/concerns/weather_methods_spec.rb": {
        "lines": [
          1,
          1,
          null
        ]
      },
      "C:/Users/KAZUMA/ilias_bot/app/controllers/concerns/weather_methods.rb": {
        "lines": [
          1,
          1,
          1,
          1,
          1,
          null,
          1,
          1,
          1,
          null,
          1,
          1,
          null,
          1,
          17,
          null,
          null,
          1,
          9,
          null,
          null,
          1,
          null,
          0,
          0,
          0,
          null,
          0,
          null,
          0,
          null,
          null,
          0,
          0,
          null,
          0,
          null,
          null,
          0,
          null,
          null,
          null,
          1,
          0,
          null,
          0,
          0,
          0,
          0,
          0,
          null,
          0,
          null,
          null,
          null,
          1,
          0,
          null,
          0,
          0,
          0,
          0,
          0,
          null,
          0,
          null,
          null,
          null,
          1,
          1,
          9,
          9,
          null,
          null,
          1,
          9,
          9,
          null,
          9,
          9,
          9,
          9,
          9,
          9,
          null,
          null,
          1,
          18,
          9,
          9,
          9,
          9,
          9,
          null,
          null,
          null,
          null,
          null,
          null,
          null,
          1,
          9,
          2,
          7,
          2,
          5,
          2,
          3,
          0,
          null,
          3,
          null,
          null,
          null,
          1,
          9,
          3,
          6,
          0,
          6,
          0,
          6,
          0,
          6,
          0,
          6,
          0,
          6,
          2,
          4,
          0,
          4,
          0,
          4,
          1,
          3,
          0,
          null,
          3,
          null,
          null,
          null,
          1,
          9,
          3,
          6,
          3,
          3,
          0,
          3,
          0,
          3,
          0,
          3,
          0,
          3,
          2,
          1,
          0,
          1,
          0,
          1,
          1,
          null,
          0,
          null,
          null,
          null,
          null,
          null,
          1,
          9,
          0,
          9,
          4,
          5,
          5,
          0,
          0,
          null,
          null,
          null,
          null,
          null,
          1,
          0,
          null,
          null,
          null
        ]
      },
      "C:/Users/KAZUMA/ilias_bot/spec/controllers/linebot_controller_spec.rb": {
        "lines": [
          1,
          1,
          null,
          null,
          1,
          null,
          1,
          19,
          null,
          null,
          null,
          null,
          19,
          19,
          null,
          null,
          1,
          1,
          1,
          1,
          1,
          null,
          null,
          null,
          1,
          1,
          1,
          1,
          null,
          null,
          null,
          1,
          1,
          1,
          1,
          null,
          null,
          null,
          1,
          1,
          1,
          1,
          null,
          1,
          1,
          1,
          null,
          1,
          1,
          1,
          null,
          1,
          null,
          1,
          1,
          1,
          1,
          null,
          1,
          null,
          1,
          1,
          1,
          1,
          null,
          1,
          null,
          1,
          1,
          1,
          1,
          null,
          null,
          null,
          1,
          1,
          1,
          1,
          null,
          null,
          null,
          1,
          1,
          1,
          1,
          1,
          1,
          null,
          1,
          1,
          1,
          1,
          1,
          null,
          null,
          1,
          1,
          1,
          1,
          1,
          1,
          null,
          1,
          1,
          1,
          1,
          1,
          null,
          1,
          1,
          1,
          1,
          1,
          null,
          null,
          null,
          null,
          null,
          null,
          null,
          null,
          null,
          null,
          null,
          null,
          null,
          null,
          null,
          null,
          null,
          null,
          null,
          1,
          1,
          1,
          1,
          1,
          null,
          null,
          null,
          null,
          null,
          null,
          null,
          null,
          null,
          null,
          null
        ]
      },
      "C:/Users/KAZUMA/ilias_bot/app/controllers/linebot_controller.rb": {
        "lines": [
          null,
          null,
          null,
          null,
          null,
          null,
          null,
          1,
          1,
          null,
          null,
          1,
          null,
          1,
          57,
          16,
          16,
          null,
          null,
          null,
          1,
          19,
          19,
          19,
          19,
          null,
          null,
          19,
          19,
          null,
          19,
          19,
          null,
          19,
          null,
          null,
          19,
          null,
          null,
          19,
          null,
          null,
          null,
          19,
          null,
          null,
          1,
          1,
          19,
          2,
          17,
          9,
          8,
          1,
          7,
          6,
          null,
          null,
          null,
          null,
          null
        ]
      },
      "C:/Users/KAZUMA/ilias_bot/app/controllers/application_controller.rb": {
        "lines": [
          1,
          null
        ]
      },
      "C:/Users/KAZUMA/ilias_bot/spec/helpers/manual_helper_spec.rb": {
        "lines": [
          1,
          null,
          null,
          null,
          null,
          null,
          null,
          null,
          null,
          null,
          null,
          null,
          1,
          1,
          null
        ]
      },
      "C:/Users/KAZUMA/ilias_bot/spec/lib/tasks/alert_spec.rb": {
        "lines": [
          1,
          1,
          null
        ]
      },
      "C:/Users/KAZUMA/ilias_bot/spec/requests/manual_request_spec.rb": {
        "lines": [
          1,
          null,
          1,
          null,
          null
        ]
      },
      "C:/Users/KAZUMA/ilias_bot/app/controllers/concerns/reminder_methods.rb": {
        "lines": [
          1,
          1,
          1,
          null,
          1,
          1,
          null,
          null,
          null,
          1,
          null,
          1,
          7,
          2,
          5,
          1,
          4,
          4,
          null,
          0,
          null,
          null,
          null,
          1,
          6,
          1,
          1,
          5,
          1,
          1,
          4,
          4,
          3,
          2,
          2,
          null,
          1,
          null,
          1,
          1,
          1,
          1,
          null,
          0,
          null,
          null,
          0,
          null,
          null,
          0,
          null,
          null,
          null
        ]
      }
    },
    "timestamp": 1592111145
  }
}
